<?xml version="1.0" encoding="UTF-8"?>
<testsuite xmlns:xsi="http://www.w3.org/2001/XMLSchema-instance" xsi:noNamespaceSchemaLocation="https://maven.apache.org/surefire/maven-surefire-plugin/xsd/surefire-test-report.xsd" name="com.alkemy.ong.unit.category.CreateCategoryServiceTest" time="0.28" tests="1" errors="0" skipped="0" failures="0">
  <properties>
    <property name="sun.desktop" value="windows"/>
    <property name="awt.toolkit" value="sun.awt.windows.WToolkit"/>
    <property name="java.specification.version" value="11"/>
    <property name="sun.cpu.isalist" value="amd64"/>
    <property name="sun.jnu.encoding" value="Cp1252"/>
    <property name="java.class.path" value="C:\Users\mateo\Desktop\Alkemy\Proyecto Terminado - Copy\OT110-Server\target\test-classes;C:\Users\mateo\Desktop\Alkemy\Proyecto Terminado - Copy\OT110-Server\target\classes;C:\Users\mateo\.m2\repository\org\springframework\boot\spring-boot-starter-data-jpa\2.5.1\spring-boot-starter-data-jpa-2.5.1.jar;C:\Users\mateo\.m2\repository\org\springframework\boot\spring-boot-starter-aop\2.5.1\spring-boot-starter-aop-2.5.1.jar;C:\Users\mateo\.m2\repository\org\aspectj\aspectjweaver\1.9.6\aspectjweaver-1.9.6.jar;C:\Users\mateo\.m2\repository\org\springframework\boot\spring-boot-starter-jdbc\2.5.1\spring-boot-starter-jdbc-2.5.1.jar;C:\Users\mateo\.m2\repository\com\zaxxer\HikariCP\4.0.3\HikariCP-4.0.3.jar;C:\Users\mateo\.m2\repository\org\springframework\spring-jdbc\5.3.8\spring-jdbc-5.3.8.jar;C:\Users\mateo\.m2\repository\jakarta\transaction\jakarta.transaction-api\1.3.3\jakarta.transaction-api-1.3.3.jar;C:\Users\mateo\.m2\repository\jakarta\persistence\jakarta.persistence-api\2.2.3\jakarta.persistence-api-2.2.3.jar;C:\Users\mateo\.m2\repository\org\hibernate\hibernate-core\5.4.32.Final\hibernate-core-5.4.32.Final.jar;C:\Users\mateo\.m2\repository\org\jboss\logging\jboss-logging\3.4.2.Final\jboss-logging-3.4.2.Final.jar;C:\Users\mateo\.m2\repository\org\javassist\javassist\3.27.0-GA\javassist-3.27.0-GA.jar;C:\Users\mateo\.m2\repository\net\bytebuddy\byte-buddy\1.10.22\byte-buddy-1.10.22.jar;C:\Users\mateo\.m2\repository\antlr\antlr\2.7.7\antlr-2.7.7.jar;C:\Users\mateo\.m2\repository\org\jboss\jandex\2.2.3.Final\jandex-2.2.3.Final.jar;C:\Users\mateo\.m2\repository\org\dom4j\dom4j\2.1.3\dom4j-2.1.3.jar;C:\Users\mateo\.m2\repository\org\hibernate\common\hibernate-commons-annotations\5.1.2.Final\hibernate-commons-annotations-5.1.2.Final.jar;C:\Users\mateo\.m2\repository\org\glassfish\jaxb\jaxb-runtime\2.3.4\jaxb-runtime-2.3.4.jar;C:\Users\mateo\.m2\repository\org\glassfish\jaxb\txw2\2.3.4\txw2-2.3.4.jar;C:\Users\mateo\.m2\repository\com\sun\istack\istack-commons-runtime\3.0.12\istack-commons-runtime-3.0.12.jar;C:\Users\mateo\.m2\repository\org\springframework\data\spring-data-jpa\2.5.1\spring-data-jpa-2.5.1.jar;C:\Users\mateo\.m2\repository\org\springframework\data\spring-data-commons\2.5.1\spring-data-commons-2.5.1.jar;C:\Users\mateo\.m2\repository\org\springframework\spring-orm\5.3.8\spring-orm-5.3.8.jar;C:\Users\mateo\.m2\repository\org\springframework\spring-tx\5.3.8\spring-tx-5.3.8.jar;C:\Users\mateo\.m2\repository\org\springframework\spring-aspects\5.3.8\spring-aspects-5.3.8.jar;C:\Users\mateo\.m2\repository\org\springframework\boot\spring-boot-starter-security\2.5.1\spring-boot-starter-security-2.5.1.jar;C:\Users\mateo\.m2\repository\org\springframework\boot\spring-boot-starter\2.5.1\spring-boot-starter-2.5.1.jar;C:\Users\mateo\.m2\repository\org\springframework\boot\spring-boot\2.5.1\spring-boot-2.5.1.jar;C:\Users\mateo\.m2\repository\org\springframework\boot\spring-boot-autoconfigure\2.5.1\spring-boot-autoconfigure-2.5.1.jar;C:\Users\mateo\.m2\repository\org\springframework\boot\spring-boot-starter-logging\2.5.1\spring-boot-starter-logging-2.5.1.jar;C:\Users\mateo\.m2\repository\ch\qos\logback\logback-classic\1.2.3\logback-classic-1.2.3.jar;C:\Users\mateo\.m2\repository\ch\qos\logback\logback-core\1.2.3\logback-core-1.2.3.jar;C:\Users\mateo\.m2\repository\org\apache\logging\log4j\log4j-to-slf4j\2.14.1\log4j-to-slf4j-2.14.1.jar;C:\Users\mateo\.m2\repository\org\apache\logging\log4j\log4j-api\2.14.1\log4j-api-2.14.1.jar;C:\Users\mateo\.m2\repository\org\slf4j\jul-to-slf4j\1.7.30\jul-to-slf4j-1.7.30.jar;C:\Users\mateo\.m2\repository\jakarta\annotation\jakarta.annotation-api\1.3.5\jakarta.annotation-api-1.3.5.jar;C:\Users\mateo\.m2\repository\org\yaml\snakeyaml\1.28\snakeyaml-1.28.jar;C:\Users\mateo\.m2\repository\org\springframework\spring-aop\5.3.8\spring-aop-5.3.8.jar;C:\Users\mateo\.m2\repository\org\springframework\security\spring-security-config\5.5.0\spring-security-config-5.5.0.jar;C:\Users\mateo\.m2\repository\org\springframework\security\spring-security-web\5.5.0\spring-security-web-5.5.0.jar;C:\Users\mateo\.m2\repository\org\springframework\spring-expression\5.3.8\spring-expression-5.3.8.jar;C:\Users\mateo\.m2\repository\org\springframework\boot\spring-boot-starter-web\2.5.1\spring-boot-starter-web-2.5.1.jar;C:\Users\mateo\.m2\repository\org\springframework\boot\spring-boot-starter-json\2.5.1\spring-boot-starter-json-2.5.1.jar;C:\Users\mateo\.m2\repository\com\fasterxml\jackson\datatype\jackson-datatype-jdk8\2.12.3\jackson-datatype-jdk8-2.12.3.jar;C:\Users\mateo\.m2\repository\com\fasterxml\jackson\datatype\jackson-datatype-jsr310\2.12.3\jackson-datatype-jsr310-2.12.3.jar;C:\Users\mateo\.m2\repository\com\fasterxml\jackson\module\jackson-module-parameter-names\2.12.3\jackson-module-parameter-names-2.12.3.jar;C:\Users\mateo\.m2\repository\org\springframework\boot\spring-boot-starter-tomcat\2.5.1\spring-boot-starter-tomcat-2.5.1.jar;C:\Users\mateo\.m2\repository\org\apache\tomcat\embed\tomcat-embed-core\9.0.46\tomcat-embed-core-9.0.46.jar;C:\Users\mateo\.m2\repository\org\apache\tomcat\embed\tomcat-embed-websocket\9.0.46\tomcat-embed-websocket-9.0.46.jar;C:\Users\mateo\.m2\repository\org\springframework\spring-web\5.3.8\spring-web-5.3.8.jar;C:\Users\mateo\.m2\repository\org\springframework\spring-webmvc\5.3.8\spring-webmvc-5.3.8.jar;C:\Users\mateo\.m2\repository\org\springframework\session\spring-session-core\2.5.0\spring-session-core-2.5.0.jar;C:\Users\mateo\.m2\repository\org\springframework\spring-jcl\5.3.8\spring-jcl-5.3.8.jar;C:\Users\mateo\.m2\repository\mysql\mysql-connector-java\8.0.25\mysql-connector-java-8.0.25.jar;C:\Users\mateo\.m2\repository\org\projectlombok\lombok\1.18.20\lombok-1.18.20.jar;C:\Users\mateo\.m2\repository\org\springframework\boot\spring-boot-starter-test\2.5.1\spring-boot-starter-test-2.5.1.jar;C:\Users\mateo\.m2\repository\org\springframework\boot\spring-boot-test\2.5.1\spring-boot-test-2.5.1.jar;C:\Users\mateo\.m2\repository\org\springframework\boot\spring-boot-test-autoconfigure\2.5.1\spring-boot-test-autoconfigure-2.5.1.jar;C:\Users\mateo\.m2\repository\com\jayway\jsonpath\json-path\2.5.0\json-path-2.5.0.jar;C:\Users\mateo\.m2\repository\net\minidev\json-smart\2.4.7\json-smart-2.4.7.jar;C:\Users\mateo\.m2\repository\net\minidev\accessors-smart\2.4.7\accessors-smart-2.4.7.jar;C:\Users\mateo\.m2\repository\org\ow2\asm\asm\9.1\asm-9.1.jar;C:\Users\mateo\.m2\repository\jakarta\xml\bind\jakarta.xml.bind-api\2.3.3\jakarta.xml.bind-api-2.3.3.jar;C:\Users\mateo\.m2\repository\jakarta\activation\jakarta.activation-api\1.2.2\jakarta.activation-api-1.2.2.jar;C:\Users\mateo\.m2\repository\org\assertj\assertj-core\3.19.0\assertj-core-3.19.0.jar;C:\Users\mateo\.m2\repository\org\hamcrest\hamcrest\2.2\hamcrest-2.2.jar;C:\Users\mateo\.m2\repository\org\junit\jupiter\junit-jupiter\5.7.2\junit-jupiter-5.7.2.jar;C:\Users\mateo\.m2\repository\org\junit\jupiter\junit-jupiter-api\5.7.2\junit-jupiter-api-5.7.2.jar;C:\Users\mateo\.m2\repository\org\apiguardian\apiguardian-api\1.1.0\apiguardian-api-1.1.0.jar;C:\Users\mateo\.m2\repository\org\opentest4j\opentest4j\1.2.0\opentest4j-1.2.0.jar;C:\Users\mateo\.m2\repository\org\junit\platform\junit-platform-commons\1.7.2\junit-platform-commons-1.7.2.jar;C:\Users\mateo\.m2\repository\org\junit\jupiter\junit-jupiter-params\5.7.2\junit-jupiter-params-5.7.2.jar;C:\Users\mateo\.m2\repository\org\junit\jupiter\junit-jupiter-engine\5.7.2\junit-jupiter-engine-5.7.2.jar;C:\Users\mateo\.m2\repository\org\junit\platform\junit-platform-engine\1.7.2\junit-platform-engine-1.7.2.jar;C:\Users\mateo\.m2\repository\org\mockito\mockito-core\3.9.0\mockito-core-3.9.0.jar;C:\Users\mateo\.m2\repository\net\bytebuddy\byte-buddy-agent\1.10.22\byte-buddy-agent-1.10.22.jar;C:\Users\mateo\.m2\repository\org\objenesis\objenesis\3.2\objenesis-3.2.jar;C:\Users\mateo\.m2\repository\org\mockito\mockito-junit-jupiter\3.9.0\mockito-junit-jupiter-3.9.0.jar;C:\Users\mateo\.m2\repository\org\skyscreamer\jsonassert\1.5.0\jsonassert-1.5.0.jar;C:\Users\mateo\.m2\repository\com\vaadin\external\google\android-json\0.0.20131108.vaadin1\android-json-0.0.20131108.vaadin1.jar;C:\Users\mateo\.m2\repository\org\springframework\spring-core\5.3.8\spring-core-5.3.8.jar;C:\Users\mateo\.m2\repository\org\springframework\spring-test\5.3.8\spring-test-5.3.8.jar;C:\Users\mateo\.m2\repository\org\xmlunit\xmlunit-core\2.8.2\xmlunit-core-2.8.2.jar;C:\Users\mateo\.m2\repository\org\springframework\security\spring-security-test\5.5.0\spring-security-test-5.5.0.jar;C:\Users\mateo\.m2\repository\org\springframework\security\spring-security-core\5.5.0\spring-security-core-5.5.0.jar;C:\Users\mateo\.m2\repository\org\springframework\security\spring-security-crypto\5.5.0\spring-security-crypto-5.5.0.jar;C:\Users\mateo\.m2\repository\org\springframework\boot\spring-boot-starter-validation\2.5.1\spring-boot-starter-validation-2.5.1.jar;C:\Users\mateo\.m2\repository\org\apache\tomcat\embed\tomcat-embed-el\9.0.46\tomcat-embed-el-9.0.46.jar;C:\Users\mateo\.m2\repository\org\hibernate\validator\hibernate-validator\6.2.0.Final\hibernate-validator-6.2.0.Final.jar;C:\Users\mateo\.m2\repository\jakarta\validation\jakarta.validation-api\2.0.2\jakarta.validation-api-2.0.2.jar;C:\Users\mateo\.m2\repository\org\springframework\boot\spring-boot-starter-freemarker\2.5.1\spring-boot-starter-freemarker-2.5.1.jar;C:\Users\mateo\.m2\repository\org\freemarker\freemarker\2.3.31\freemarker-2.3.31.jar;C:\Users\mateo\.m2\repository\org\springframework\spring-context-support\5.3.8\spring-context-support-5.3.8.jar;C:\Users\mateo\.m2\repository\org\springframework\spring-beans\5.3.8\spring-beans-5.3.8.jar;C:\Users\mateo\.m2\repository\org\springframework\spring-context\5.3.8\spring-context-5.3.8.jar;C:\Users\mateo\.m2\repository\org\modelmapper\modelmapper\2.4.4\modelmapper-2.4.4.jar;C:\Users\mateo\.m2\repository\org\openapitools\jackson-databind-nullable\0.2.1\jackson-databind-nullable-0.2.1.jar;C:\Users\mateo\.m2\repository\com\fasterxml\jackson\core\jackson-databind\2.12.3\jackson-databind-2.12.3.jar;C:\Users\mateo\.m2\repository\com\fasterxml\jackson\core\jackson-annotations\2.12.3\jackson-annotations-2.12.3.jar;C:\Users\mateo\.m2\repository\com\fasterxml\jackson\core\jackson-core\2.12.3\jackson-core-2.12.3.jar;C:\Users\mateo\.m2\repository\io\jsonwebtoken\jjwt\0.9.1\jjwt-0.9.1.jar;C:\Users\mateo\.m2\repository\com\amazonaws\aws-java-sdk\1.11.133\aws-java-sdk-1.11.133.jar;C:\Users\mateo\.m2\repository\com\amazonaws\aws-java-sdk-athena\1.11.133\aws-java-sdk-athena-1.11.133.jar;C:\Users\mateo\.m2\repository\com\amazonaws\jmespath-java\1.11.133\jmespath-java-1.11.133.jar;C:\Users\mateo\.m2\repository\com\amazonaws\aws-java-sdk-marketplaceentitlement\1.11.133\aws-java-sdk-marketplaceentitlement-1.11.133.jar;C:\Users\mateo\.m2\repository\com\amazonaws\aws-java-sdk-codestar\1.11.133\aws-java-sdk-codestar-1.11.133.jar;C:\Users\mateo\.m2\repository\com\amazonaws\aws-java-sdk-lexmodelbuilding\1.11.133\aws-java-sdk-lexmodelbuilding-1.11.133.jar;C:\Users\mateo\.m2\repository\com\amazonaws\aws-java-sdk-resourcegroupstaggingapi\1.11.133\aws-java-sdk-resourcegroupstaggingapi-1.11.133.jar;C:\Users\mateo\.m2\repository\com\amazonaws\aws-java-sdk-pinpoint\1.11.133\aws-java-sdk-pinpoint-1.11.133.jar;C:\Users\mateo\.m2\repository\com\amazonaws\aws-java-sdk-xray\1.11.133\aws-java-sdk-xray-1.11.133.jar;C:\Users\mateo\.m2\repository\com\amazonaws\aws-java-sdk-opsworkscm\1.11.133\aws-java-sdk-opsworkscm-1.11.133.jar;C:\Users\mateo\.m2\repository\com\amazonaws\aws-java-sdk-support\1.11.133\aws-java-sdk-support-1.11.133.jar;C:\Users\mateo\.m2\repository\com\amazonaws\aws-java-sdk-simpledb\1.11.133\aws-java-sdk-simpledb-1.11.133.jar;C:\Users\mateo\.m2\repository\com\amazonaws\aws-java-sdk-servicecatalog\1.11.133\aws-java-sdk-servicecatalog-1.11.133.jar;C:\Users\mateo\.m2\repository\com\amazonaws\aws-java-sdk-servermigration\1.11.133\aws-java-sdk-servermigration-1.11.133.jar;C:\Users\mateo\.m2\repository\com\amazonaws\aws-java-sdk-simpleworkflow\1.11.133\aws-java-sdk-simpleworkflow-1.11.133.jar;C:\Users\mateo\.m2\repository\com\amazonaws\aws-java-sdk-storagegateway\1.11.133\aws-java-sdk-storagegateway-1.11.133.jar;C:\Users\mateo\.m2\repository\com\amazonaws\aws-java-sdk-route53\1.11.133\aws-java-sdk-route53-1.11.133.jar;C:\Users\mateo\.m2\repository\com\amazonaws\aws-java-sdk-s3\1.11.133\aws-java-sdk-s3-1.11.133.jar;C:\Users\mateo\.m2\repository\com\amazonaws\aws-java-sdk-importexport\1.11.133\aws-java-sdk-importexport-1.11.133.jar;C:\Users\mateo\.m2\repository\com\amazonaws\aws-java-sdk-sts\1.11.133\aws-java-sdk-sts-1.11.133.jar;C:\Users\mateo\.m2\repository\com\amazonaws\aws-java-sdk-sqs\1.11.133\aws-java-sdk-sqs-1.11.133.jar;C:\Users\mateo\.m2\repository\com\amazonaws\aws-java-sdk-rds\1.11.133\aws-java-sdk-rds-1.11.133.jar;C:\Users\mateo\.m2\repository\com\amazonaws\aws-java-sdk-redshift\1.11.133\aws-java-sdk-redshift-1.11.133.jar;C:\Users\mateo\.m2\repository\com\amazonaws\aws-java-sdk-elasticbeanstalk\1.11.133\aws-java-sdk-elasticbeanstalk-1.11.133.jar;C:\Users\mateo\.m2\repository\com\amazonaws\aws-java-sdk-glacier\1.11.133\aws-java-sdk-glacier-1.11.133.jar;C:\Users\mateo\.m2\repository\com\amazonaws\aws-java-sdk-iam\1.11.133\aws-java-sdk-iam-1.11.133.jar;C:\Users\mateo\.m2\repository\com\amazonaws\aws-java-sdk-datapipeline\1.11.133\aws-java-sdk-datapipeline-1.11.133.jar;C:\Users\mateo\.m2\repository\com\amazonaws\aws-java-sdk-elasticloadbalancing\1.11.133\aws-java-sdk-elasticloadbalancing-1.11.133.jar;C:\Users\mateo\.m2\repository\com\amazonaws\aws-java-sdk-elasticloadbalancingv2\1.11.133\aws-java-sdk-elasticloadbalancingv2-1.11.133.jar;C:\Users\mateo\.m2\repository\com\amazonaws\aws-java-sdk-emr\1.11.133\aws-java-sdk-emr-1.11.133.jar;C:\Users\mateo\.m2\repository\com\amazonaws\aws-java-sdk-elasticache\1.11.133\aws-java-sdk-elasticache-1.11.133.jar;C:\Users\mateo\.m2\repository\com\amazonaws\aws-java-sdk-elastictranscoder\1.11.133\aws-java-sdk-elastictranscoder-1.11.133.jar;C:\Users\mateo\.m2\repository\com\amazonaws\aws-java-sdk-ec2\1.11.133\aws-java-sdk-ec2-1.11.133.jar;C:\Users\mateo\.m2\repository\com\amazonaws\aws-java-sdk-dynamodb\1.11.133\aws-java-sdk-dynamodb-1.11.133.jar;C:\Users\mateo\.m2\repository\com\amazonaws\aws-java-sdk-sns\1.11.133\aws-java-sdk-sns-1.11.133.jar;C:\Users\mateo\.m2\repository\com\amazonaws\aws-java-sdk-budgets\1.11.133\aws-java-sdk-budgets-1.11.133.jar;C:\Users\mateo\.m2\repository\com\amazonaws\aws-java-sdk-cloudtrail\1.11.133\aws-java-sdk-cloudtrail-1.11.133.jar;C:\Users\mateo\.m2\repository\com\amazonaws\aws-java-sdk-cloudwatch\1.11.133\aws-java-sdk-cloudwatch-1.11.133.jar;C:\Users\mateo\.m2\repository\com\amazonaws\aws-java-sdk-logs\1.11.133\aws-java-sdk-logs-1.11.133.jar;C:\Users\mateo\.m2\repository\com\amazonaws\aws-java-sdk-events\1.11.133\aws-java-sdk-events-1.11.133.jar;C:\Users\mateo\.m2\repository\com\amazonaws\aws-java-sdk-cognitoidentity\1.11.133\aws-java-sdk-cognitoidentity-1.11.133.jar;C:\Users\mateo\.m2\repository\com\amazonaws\aws-java-sdk-cognitosync\1.11.133\aws-java-sdk-cognitosync-1.11.133.jar;C:\Users\mateo\.m2\repository\com\amazonaws\aws-java-sdk-directconnect\1.11.133\aws-java-sdk-directconnect-1.11.133.jar;C:\Users\mateo\.m2\repository\com\amazonaws\aws-java-sdk-cloudformation\1.11.133\aws-java-sdk-cloudformation-1.11.133.jar;C:\Users\mateo\.m2\repository\com\amazonaws\aws-java-sdk-cloudfront\1.11.133\aws-java-sdk-cloudfront-1.11.133.jar;C:\Users\mateo\.m2\repository\com\amazonaws\aws-java-sdk-clouddirectory\1.11.133\aws-java-sdk-clouddirectory-1.11.133.jar;C:\Users\mateo\.m2\repository\com\amazonaws\aws-java-sdk-kinesis\1.11.133\aws-java-sdk-kinesis-1.11.133.jar;C:\Users\mateo\.m2\repository\com\amazonaws\aws-java-sdk-opsworks\1.11.133\aws-java-sdk-opsworks-1.11.133.jar;C:\Users\mateo\.m2\repository\com\amazonaws\aws-java-sdk-ses\1.11.133\aws-java-sdk-ses-1.11.133.jar;C:\Users\mateo\.m2\repository\com\amazonaws\aws-java-sdk-autoscaling\1.11.133\aws-java-sdk-autoscaling-1.11.133.jar;C:\Users\mateo\.m2\repository\com\amazonaws\aws-java-sdk-cloudsearch\1.11.133\aws-java-sdk-cloudsearch-1.11.133.jar;C:\Users\mateo\.m2\repository\com\amazonaws\aws-java-sdk-cloudwatchmetrics\1.11.133\aws-java-sdk-cloudwatchmetrics-1.11.133.jar;C:\Users\mateo\.m2\repository\com\amazonaws\aws-java-sdk-codedeploy\1.11.133\aws-java-sdk-codedeploy-1.11.133.jar;C:\Users\mateo\.m2\repository\com\amazonaws\aws-java-sdk-codepipeline\1.11.133\aws-java-sdk-codepipeline-1.11.133.jar;C:\Users\mateo\.m2\repository\com\amazonaws\aws-java-sdk-kms\1.11.133\aws-java-sdk-kms-1.11.133.jar;C:\Users\mateo\.m2\repository\com\amazonaws\aws-java-sdk-config\1.11.133\aws-java-sdk-config-1.11.133.jar;C:\Users\mateo\.m2\repository\com\amazonaws\aws-java-sdk-lambda\1.11.133\aws-java-sdk-lambda-1.11.133.jar;C:\Users\mateo\.m2\repository\com\amazonaws\aws-java-sdk-ecs\1.11.133\aws-java-sdk-ecs-1.11.133.jar;C:\Users\mateo\.m2\repository\com\amazonaws\aws-java-sdk-ecr\1.11.133\aws-java-sdk-ecr-1.11.133.jar;C:\Users\mateo\.m2\repository\com\amazonaws\aws-java-sdk-cloudhsm\1.11.133\aws-java-sdk-cloudhsm-1.11.133.jar;C:\Users\mateo\.m2\repository\com\amazonaws\aws-java-sdk-ssm\1.11.133\aws-java-sdk-ssm-1.11.133.jar;C:\Users\mateo\.m2\repository\com\amazonaws\aws-java-sdk-workspaces\1.11.133\aws-java-sdk-workspaces-1.11.133.jar;C:\Users\mateo\.m2\repository\com\amazonaws\aws-java-sdk-machinelearning\1.11.133\aws-java-sdk-machinelearning-1.11.133.jar;C:\Users\mateo\.m2\repository\com\amazonaws\aws-java-sdk-directory\1.11.133\aws-java-sdk-directory-1.11.133.jar;C:\Users\mateo\.m2\repository\com\amazonaws\aws-java-sdk-efs\1.11.133\aws-java-sdk-efs-1.11.133.jar;C:\Users\mateo\.m2\repository\com\amazonaws\aws-java-sdk-codecommit\1.11.133\aws-java-sdk-codecommit-1.11.133.jar;C:\Users\mateo\.m2\repository\com\amazonaws\aws-java-sdk-devicefarm\1.11.133\aws-java-sdk-devicefarm-1.11.133.jar;C:\Users\mateo\.m2\repository\com\amazonaws\aws-java-sdk-elasticsearch\1.11.133\aws-java-sdk-elasticsearch-1.11.133.jar;C:\Users\mateo\.m2\repository\com\amazonaws\aws-java-sdk-waf\1.11.133\aws-java-sdk-waf-1.11.133.jar;C:\Users\mateo\.m2\repository\com\amazonaws\aws-java-sdk-marketplacecommerceanalytics\1.11.133\aws-java-sdk-marketplacecommerceanalytics-1.11.133.jar;C:\Users\mateo\.m2\repository\com\amazonaws\aws-java-sdk-inspector\1.11.133\aws-java-sdk-inspector-1.11.133.jar;C:\Users\mateo\.m2\repository\com\amazonaws\aws-java-sdk-iot\1.11.133\aws-java-sdk-iot-1.11.133.jar;C:\Users\mateo\.m2\repository\com\amazonaws\aws-java-sdk-api-gateway\1.11.133\aws-java-sdk-api-gateway-1.11.133.jar;C:\Users\mateo\.m2\repository\com\amazonaws\aws-java-sdk-acm\1.11.133\aws-java-sdk-acm-1.11.133.jar;C:\Users\mateo\.m2\repository\com\amazonaws\aws-java-sdk-gamelift\1.11.133\aws-java-sdk-gamelift-1.11.133.jar;C:\Users\mateo\.m2\repository\com\amazonaws\aws-java-sdk-dms\1.11.133\aws-java-sdk-dms-1.11.133.jar;C:\Users\mateo\.m2\repository\com\amazonaws\aws-java-sdk-marketplacemeteringservice\1.11.133\aws-java-sdk-marketplacemeteringservice-1.11.133.jar;C:\Users\mateo\.m2\repository\com\amazonaws\aws-java-sdk-cognitoidp\1.11.133\aws-java-sdk-cognitoidp-1.11.133.jar;C:\Users\mateo\.m2\repository\com\amazonaws\aws-java-sdk-discovery\1.11.133\aws-java-sdk-discovery-1.11.133.jar;C:\Users\mateo\.m2\repository\com\amazonaws\aws-java-sdk-applicationautoscaling\1.11.133\aws-java-sdk-applicationautoscaling-1.11.133.jar;C:\Users\mateo\.m2\repository\com\amazonaws\aws-java-sdk-snowball\1.11.133\aws-java-sdk-snowball-1.11.133.jar;C:\Users\mateo\.m2\repository\com\amazonaws\aws-java-sdk-rekognition\1.11.133\aws-java-sdk-rekognition-1.11.133.jar;C:\Users\mateo\.m2\repository\com\amazonaws\aws-java-sdk-polly\1.11.133\aws-java-sdk-polly-1.11.133.jar;C:\Users\mateo\.m2\repository\com\amazonaws\aws-java-sdk-lightsail\1.11.133\aws-java-sdk-lightsail-1.11.133.jar;C:\Users\mateo\.m2\repository\com\amazonaws\aws-java-sdk-stepfunctions\1.11.133\aws-java-sdk-stepfunctions-1.11.133.jar;C:\Users\mateo\.m2\repository\com\amazonaws\aws-java-sdk-health\1.11.133\aws-java-sdk-health-1.11.133.jar;C:\Users\mateo\.m2\repository\com\amazonaws\aws-java-sdk-costandusagereport\1.11.133\aws-java-sdk-costandusagereport-1.11.133.jar;C:\Users\mateo\.m2\repository\com\amazonaws\aws-java-sdk-codebuild\1.11.133\aws-java-sdk-codebuild-1.11.133.jar;C:\Users\mateo\.m2\repository\com\amazonaws\aws-java-sdk-appstream\1.11.133\aws-java-sdk-appstream-1.11.133.jar;C:\Users\mateo\.m2\repository\com\amazonaws\aws-java-sdk-shield\1.11.133\aws-java-sdk-shield-1.11.133.jar;C:\Users\mateo\.m2\repository\com\amazonaws\aws-java-sdk-batch\1.11.133\aws-java-sdk-batch-1.11.133.jar;C:\Users\mateo\.m2\repository\com\amazonaws\aws-java-sdk-lex\1.11.133\aws-java-sdk-lex-1.11.133.jar;C:\Users\mateo\.m2\repository\com\amazonaws\aws-java-sdk-mechanicalturkrequester\1.11.133\aws-java-sdk-mechanicalturkrequester-1.11.133.jar;C:\Users\mateo\.m2\repository\com\amazonaws\aws-java-sdk-organizations\1.11.133\aws-java-sdk-organizations-1.11.133.jar;C:\Users\mateo\.m2\repository\com\amazonaws\aws-java-sdk-workdocs\1.11.133\aws-java-sdk-workdocs-1.11.133.jar;C:\Users\mateo\.m2\repository\com\amazonaws\aws-java-sdk-core\1.11.133\aws-java-sdk-core-1.11.133.jar;C:\Users\mateo\.m2\repository\commons-logging\commons-logging\1.1.3\commons-logging-1.1.3.jar;C:\Users\mateo\.m2\repository\org\apache\httpcomponents\httpclient\4.5.13\httpclient-4.5.13.jar;C:\Users\mateo\.m2\repository\org\apache\httpcomponents\httpcore\4.4.14\httpcore-4.4.14.jar;C:\Users\mateo\.m2\repository\commons-codec\commons-codec\1.15\commons-codec-1.15.jar;C:\Users\mateo\.m2\repository\software\amazon\ion\ion-java\1.0.2\ion-java-1.0.2.jar;C:\Users\mateo\.m2\repository\com\fasterxml\jackson\dataformat\jackson-dataformat-cbor\2.12.3\jackson-dataformat-cbor-2.12.3.jar;C:\Users\mateo\.m2\repository\joda-time\joda-time\2.8.1\joda-time-2.8.1.jar;C:\Users\mateo\.m2\repository\com\amazonaws\aws-java-sdk-models\1.11.133\aws-java-sdk-models-1.11.133.jar;C:\Users\mateo\.m2\repository\com\amazonaws\aws-java-sdk-swf-libraries\1.11.22\aws-java-sdk-swf-libraries-1.11.22.jar;C:\Users\mateo\.m2\repository\javax\servlet\servlet-api\2.5\servlet-api-2.5.jar;C:\Users\mateo\.m2\repository\org\springframework\boot\spring-boot-starter-mail\2.5.1\spring-boot-starter-mail-2.5.1.jar;C:\Users\mateo\.m2\repository\com\sun\mail\jakarta.mail\1.6.7\jakarta.mail-1.6.7.jar;C:\Users\mateo\.m2\repository\com\sun\activation\jakarta.activation\1.2.2\jakarta.activation-1.2.2.jar;C:\Users\mateo\.m2\repository\commons-io\commons-io\2.11.0\commons-io-2.11.0.jar;C:\Users\mateo\.m2\repository\org\springframework\boot\spring-boot-starter-hateoas\2.5.1\spring-boot-starter-hateoas-2.5.1.jar;C:\Users\mateo\.m2\repository\org\springframework\hateoas\spring-hateoas\1.3.1\spring-hateoas-1.3.1.jar;C:\Users\mateo\.m2\repository\io\springfox\springfox-swagger2\2.9.2\springfox-swagger2-2.9.2.jar;C:\Users\mateo\.m2\repository\io\swagger\swagger-annotations\1.5.20\swagger-annotations-1.5.20.jar;C:\Users\mateo\.m2\repository\io\swagger\swagger-models\1.5.20\swagger-models-1.5.20.jar;C:\Users\mateo\.m2\repository\io\springfox\springfox-spi\2.9.2\springfox-spi-2.9.2.jar;C:\Users\mateo\.m2\repository\io\springfox\springfox-core\2.9.2\springfox-core-2.9.2.jar;C:\Users\mateo\.m2\repository\io\springfox\springfox-schema\2.9.2\springfox-schema-2.9.2.jar;C:\Users\mateo\.m2\repository\io\springfox\springfox-swagger-common\2.9.2\springfox-swagger-common-2.9.2.jar;C:\Users\mateo\.m2\repository\io\springfox\springfox-spring-web\2.9.2\springfox-spring-web-2.9.2.jar;C:\Users\mateo\.m2\repository\com\google\guava\guava\20.0\guava-20.0.jar;C:\Users\mateo\.m2\repository\com\fasterxml\classmate\1.5.1\classmate-1.5.1.jar;C:\Users\mateo\.m2\repository\org\slf4j\slf4j-api\1.7.30\slf4j-api-1.7.30.jar;C:\Users\mateo\.m2\repository\org\springframework\plugin\spring-plugin-core\1.2.0.RELEASE\spring-plugin-core-1.2.0.RELEASE.jar;C:\Users\mateo\.m2\repository\org\springframework\plugin\spring-plugin-metadata\1.2.0.RELEASE\spring-plugin-metadata-1.2.0.RELEASE.jar;C:\Users\mateo\.m2\repository\org\mapstruct\mapstruct\1.2.0.Final\mapstruct-1.2.0.Final.jar;C:\Users\mateo\.m2\repository\io\springfox\springfox-swagger-ui\2.9.2\springfox-swagger-ui-2.9.2.jar;C:\Users\mateo\.m2\repository\com\h2database\h2\1.4.200\h2-1.4.200.jar;C:\Users\mateo\.m2\repository\junit\junit\4.13.2\junit-4.13.2.jar;C:\Users\mateo\.m2\repository\org\hamcrest\hamcrest-core\2.2\hamcrest-core-2.2.jar;"/>
    <property name="java.vm.vendor" value="Oracle Corporation"/>
    <property name="sun.arch.data.model" value="64"/>
    <property name="user.variant" value=""/>
    <property name="java.vendor.url" value="https://openjdk.java.net/"/>
    <property name="user.timezone" value="America/Buenos_Aires"/>
    <property name="java.vm.specification.version" value="11"/>
    <property name="os.name" value="Windows 10"/>
    <property name="user.country" value="AU"/>
    <property name="sun.java.launcher" value="SUN_STANDARD"/>
    <property name="sun.boot.library.path" value="C:\Program Files\Java\jdk-11.0.13\bin"/>
    <property name="sun.java.command" value="C:\Users\mateo\AppData\Local\Temp\surefire13625707153212177636\surefirebooter10657453885116607221.jar C:\Users\mateo\AppData\Local\Temp\surefire13625707153212177636 2024-01-19T11-58-02_240-jvmRun1 surefire4912387262347326579tmp surefire_0313177885363355586tmp"/>
    <property name="jdk.debug" value="release"/>
    <property name="surefire.test.class.path" value="C:\Users\mateo\Desktop\Alkemy\Proyecto Terminado - Copy\OT110-Server\target\test-classes;C:\Users\mateo\Desktop\Alkemy\Proyecto Terminado - Copy\OT110-Server\target\classes;C:\Users\mateo\.m2\repository\org\springframework\boot\spring-boot-starter-data-jpa\2.5.1\spring-boot-starter-data-jpa-2.5.1.jar;C:\Users\mateo\.m2\repository\org\springframework\boot\spring-boot-starter-aop\2.5.1\spring-boot-starter-aop-2.5.1.jar;C:\Users\mateo\.m2\repository\org\aspectj\aspectjweaver\1.9.6\aspectjweaver-1.9.6.jar;C:\Users\mateo\.m2\repository\org\springframework\boot\spring-boot-starter-jdbc\2.5.1\spring-boot-starter-jdbc-2.5.1.jar;C:\Users\mateo\.m2\repository\com\zaxxer\HikariCP\4.0.3\HikariCP-4.0.3.jar;C:\Users\mateo\.m2\repository\org\springframework\spring-jdbc\5.3.8\spring-jdbc-5.3.8.jar;C:\Users\mateo\.m2\repository\jakarta\transaction\jakarta.transaction-api\1.3.3\jakarta.transaction-api-1.3.3.jar;C:\Users\mateo\.m2\repository\jakarta\persistence\jakarta.persistence-api\2.2.3\jakarta.persistence-api-2.2.3.jar;C:\Users\mateo\.m2\repository\org\hibernate\hibernate-core\5.4.32.Final\hibernate-core-5.4.32.Final.jar;C:\Users\mateo\.m2\repository\org\jboss\logging\jboss-logging\3.4.2.Final\jboss-logging-3.4.2.Final.jar;C:\Users\mateo\.m2\repository\org\javassist\javassist\3.27.0-GA\javassist-3.27.0-GA.jar;C:\Users\mateo\.m2\repository\net\bytebuddy\byte-buddy\1.10.22\byte-buddy-1.10.22.jar;C:\Users\mateo\.m2\repository\antlr\antlr\2.7.7\antlr-2.7.7.jar;C:\Users\mateo\.m2\repository\org\jboss\jandex\2.2.3.Final\jandex-2.2.3.Final.jar;C:\Users\mateo\.m2\repository\org\dom4j\dom4j\2.1.3\dom4j-2.1.3.jar;C:\Users\mateo\.m2\repository\org\hibernate\common\hibernate-commons-annotations\5.1.2.Final\hibernate-commons-annotations-5.1.2.Final.jar;C:\Users\mateo\.m2\repository\org\glassfish\jaxb\jaxb-runtime\2.3.4\jaxb-runtime-2.3.4.jar;C:\Users\mateo\.m2\repository\org\glassfish\jaxb\txw2\2.3.4\txw2-2.3.4.jar;C:\Users\mateo\.m2\repository\com\sun\istack\istack-commons-runtime\3.0.12\istack-commons-runtime-3.0.12.jar;C:\Users\mateo\.m2\repository\org\springframework\data\spring-data-jpa\2.5.1\spring-data-jpa-2.5.1.jar;C:\Users\mateo\.m2\repository\org\springframework\data\spring-data-commons\2.5.1\spring-data-commons-2.5.1.jar;C:\Users\mateo\.m2\repository\org\springframework\spring-orm\5.3.8\spring-orm-5.3.8.jar;C:\Users\mateo\.m2\repository\org\springframework\spring-tx\5.3.8\spring-tx-5.3.8.jar;C:\Users\mateo\.m2\repository\org\springframework\spring-aspects\5.3.8\spring-aspects-5.3.8.jar;C:\Users\mateo\.m2\repository\org\springframework\boot\spring-boot-starter-security\2.5.1\spring-boot-starter-security-2.5.1.jar;C:\Users\mateo\.m2\repository\org\springframework\boot\spring-boot-starter\2.5.1\spring-boot-starter-2.5.1.jar;C:\Users\mateo\.m2\repository\org\springframework\boot\spring-boot\2.5.1\spring-boot-2.5.1.jar;C:\Users\mateo\.m2\repository\org\springframework\boot\spring-boot-autoconfigure\2.5.1\spring-boot-autoconfigure-2.5.1.jar;C:\Users\mateo\.m2\repository\org\springframework\boot\spring-boot-starter-logging\2.5.1\spring-boot-starter-logging-2.5.1.jar;C:\Users\mateo\.m2\repository\ch\qos\logback\logback-classic\1.2.3\logback-classic-1.2.3.jar;C:\Users\mateo\.m2\repository\ch\qos\logback\logback-core\1.2.3\logback-core-1.2.3.jar;C:\Users\mateo\.m2\repository\org\apache\logging\log4j\log4j-to-slf4j\2.14.1\log4j-to-slf4j-2.14.1.jar;C:\Users\mateo\.m2\repository\org\apache\logging\log4j\log4j-api\2.14.1\log4j-api-2.14.1.jar;C:\Users\mateo\.m2\repository\org\slf4j\jul-to-slf4j\1.7.30\jul-to-slf4j-1.7.30.jar;C:\Users\mateo\.m2\repository\jakarta\annotation\jakarta.annotation-api\1.3.5\jakarta.annotation-api-1.3.5.jar;C:\Users\mateo\.m2\repository\org\yaml\snakeyaml\1.28\snakeyaml-1.28.jar;C:\Users\mateo\.m2\repository\org\springframework\spring-aop\5.3.8\spring-aop-5.3.8.jar;C:\Users\mateo\.m2\repository\org\springframework\security\spring-security-config\5.5.0\spring-security-config-5.5.0.jar;C:\Users\mateo\.m2\repository\org\springframework\security\spring-security-web\5.5.0\spring-security-web-5.5.0.jar;C:\Users\mateo\.m2\repository\org\springframework\spring-expression\5.3.8\spring-expression-5.3.8.jar;C:\Users\mateo\.m2\repository\org\springframework\boot\spring-boot-starter-web\2.5.1\spring-boot-starter-web-2.5.1.jar;C:\Users\mateo\.m2\repository\org\springframework\boot\spring-boot-starter-json\2.5.1\spring-boot-starter-json-2.5.1.jar;C:\Users\mateo\.m2\repository\com\fasterxml\jackson\datatype\jackson-datatype-jdk8\2.12.3\jackson-datatype-jdk8-2.12.3.jar;C:\Users\mateo\.m2\repository\com\fasterxml\jackson\datatype\jackson-datatype-jsr310\2.12.3\jackson-datatype-jsr310-2.12.3.jar;C:\Users\mateo\.m2\repository\com\fasterxml\jackson\module\jackson-module-parameter-names\2.12.3\jackson-module-parameter-names-2.12.3.jar;C:\Users\mateo\.m2\repository\org\springframework\boot\spring-boot-starter-tomcat\2.5.1\spring-boot-starter-tomcat-2.5.1.jar;C:\Users\mateo\.m2\repository\org\apache\tomcat\embed\tomcat-embed-core\9.0.46\tomcat-embed-core-9.0.46.jar;C:\Users\mateo\.m2\repository\org\apache\tomcat\embed\tomcat-embed-websocket\9.0.46\tomcat-embed-websocket-9.0.46.jar;C:\Users\mateo\.m2\repository\org\springframework\spring-web\5.3.8\spring-web-5.3.8.jar;C:\Users\mateo\.m2\repository\org\springframework\spring-webmvc\5.3.8\spring-webmvc-5.3.8.jar;C:\Users\mateo\.m2\repository\org\springframework\session\spring-session-core\2.5.0\spring-session-core-2.5.0.jar;C:\Users\mateo\.m2\repository\org\springframework\spring-jcl\5.3.8\spring-jcl-5.3.8.jar;C:\Users\mateo\.m2\repository\mysql\mysql-connector-java\8.0.25\mysql-connector-java-8.0.25.jar;C:\Users\mateo\.m2\repository\org\projectlombok\lombok\1.18.20\lombok-1.18.20.jar;C:\Users\mateo\.m2\repository\org\springframework\boot\spring-boot-starter-test\2.5.1\spring-boot-starter-test-2.5.1.jar;C:\Users\mateo\.m2\repository\org\springframework\boot\spring-boot-test\2.5.1\spring-boot-test-2.5.1.jar;C:\Users\mateo\.m2\repository\org\springframework\boot\spring-boot-test-autoconfigure\2.5.1\spring-boot-test-autoconfigure-2.5.1.jar;C:\Users\mateo\.m2\repository\com\jayway\jsonpath\json-path\2.5.0\json-path-2.5.0.jar;C:\Users\mateo\.m2\repository\net\minidev\json-smart\2.4.7\json-smart-2.4.7.jar;C:\Users\mateo\.m2\repository\net\minidev\accessors-smart\2.4.7\accessors-smart-2.4.7.jar;C:\Users\mateo\.m2\repository\org\ow2\asm\asm\9.1\asm-9.1.jar;C:\Users\mateo\.m2\repository\jakarta\xml\bind\jakarta.xml.bind-api\2.3.3\jakarta.xml.bind-api-2.3.3.jar;C:\Users\mateo\.m2\repository\jakarta\activation\jakarta.activation-api\1.2.2\jakarta.activation-api-1.2.2.jar;C:\Users\mateo\.m2\repository\org\assertj\assertj-core\3.19.0\assertj-core-3.19.0.jar;C:\Users\mateo\.m2\repository\org\hamcrest\hamcrest\2.2\hamcrest-2.2.jar;C:\Users\mateo\.m2\repository\org\junit\jupiter\junit-jupiter\5.7.2\junit-jupiter-5.7.2.jar;C:\Users\mateo\.m2\repository\org\junit\jupiter\junit-jupiter-api\5.7.2\junit-jupiter-api-5.7.2.jar;C:\Users\mateo\.m2\repository\org\apiguardian\apiguardian-api\1.1.0\apiguardian-api-1.1.0.jar;C:\Users\mateo\.m2\repository\org\opentest4j\opentest4j\1.2.0\opentest4j-1.2.0.jar;C:\Users\mateo\.m2\repository\org\junit\platform\junit-platform-commons\1.7.2\junit-platform-commons-1.7.2.jar;C:\Users\mateo\.m2\repository\org\junit\jupiter\junit-jupiter-params\5.7.2\junit-jupiter-params-5.7.2.jar;C:\Users\mateo\.m2\repository\org\junit\jupiter\junit-jupiter-engine\5.7.2\junit-jupiter-engine-5.7.2.jar;C:\Users\mateo\.m2\repository\org\junit\platform\junit-platform-engine\1.7.2\junit-platform-engine-1.7.2.jar;C:\Users\mateo\.m2\repository\org\mockito\mockito-core\3.9.0\mockito-core-3.9.0.jar;C:\Users\mateo\.m2\repository\net\bytebuddy\byte-buddy-agent\1.10.22\byte-buddy-agent-1.10.22.jar;C:\Users\mateo\.m2\repository\org\objenesis\objenesis\3.2\objenesis-3.2.jar;C:\Users\mateo\.m2\repository\org\mockito\mockito-junit-jupiter\3.9.0\mockito-junit-jupiter-3.9.0.jar;C:\Users\mateo\.m2\repository\org\skyscreamer\jsonassert\1.5.0\jsonassert-1.5.0.jar;C:\Users\mateo\.m2\repository\com\vaadin\external\google\android-json\0.0.20131108.vaadin1\android-json-0.0.20131108.vaadin1.jar;C:\Users\mateo\.m2\repository\org\springframework\spring-core\5.3.8\spring-core-5.3.8.jar;C:\Users\mateo\.m2\repository\org\springframework\spring-test\5.3.8\spring-test-5.3.8.jar;C:\Users\mateo\.m2\repository\org\xmlunit\xmlunit-core\2.8.2\xmlunit-core-2.8.2.jar;C:\Users\mateo\.m2\repository\org\springframework\security\spring-security-test\5.5.0\spring-security-test-5.5.0.jar;C:\Users\mateo\.m2\repository\org\springframework\security\spring-security-core\5.5.0\spring-security-core-5.5.0.jar;C:\Users\mateo\.m2\repository\org\springframework\security\spring-security-crypto\5.5.0\spring-security-crypto-5.5.0.jar;C:\Users\mateo\.m2\repository\org\springframework\boot\spring-boot-starter-validation\2.5.1\spring-boot-starter-validation-2.5.1.jar;C:\Users\mateo\.m2\repository\org\apache\tomcat\embed\tomcat-embed-el\9.0.46\tomcat-embed-el-9.0.46.jar;C:\Users\mateo\.m2\repository\org\hibernate\validator\hibernate-validator\6.2.0.Final\hibernate-validator-6.2.0.Final.jar;C:\Users\mateo\.m2\repository\jakarta\validation\jakarta.validation-api\2.0.2\jakarta.validation-api-2.0.2.jar;C:\Users\mateo\.m2\repository\org\springframework\boot\spring-boot-starter-freemarker\2.5.1\spring-boot-starter-freemarker-2.5.1.jar;C:\Users\mateo\.m2\repository\org\freemarker\freemarker\2.3.31\freemarker-2.3.31.jar;C:\Users\mateo\.m2\repository\org\springframework\spring-context-support\5.3.8\spring-context-support-5.3.8.jar;C:\Users\mateo\.m2\repository\org\springframework\spring-beans\5.3.8\spring-beans-5.3.8.jar;C:\Users\mateo\.m2\repository\org\springframework\spring-context\5.3.8\spring-context-5.3.8.jar;C:\Users\mateo\.m2\repository\org\modelmapper\modelmapper\2.4.4\modelmapper-2.4.4.jar;C:\Users\mateo\.m2\repository\org\openapitools\jackson-databind-nullable\0.2.1\jackson-databind-nullable-0.2.1.jar;C:\Users\mateo\.m2\repository\com\fasterxml\jackson\core\jackson-databind\2.12.3\jackson-databind-2.12.3.jar;C:\Users\mateo\.m2\repository\com\fasterxml\jackson\core\jackson-annotations\2.12.3\jackson-annotations-2.12.3.jar;C:\Users\mateo\.m2\repository\com\fasterxml\jackson\core\jackson-core\2.12.3\jackson-core-2.12.3.jar;C:\Users\mateo\.m2\repository\io\jsonwebtoken\jjwt\0.9.1\jjwt-0.9.1.jar;C:\Users\mateo\.m2\repository\com\amazonaws\aws-java-sdk\1.11.133\aws-java-sdk-1.11.133.jar;C:\Users\mateo\.m2\repository\com\amazonaws\aws-java-sdk-athena\1.11.133\aws-java-sdk-athena-1.11.133.jar;C:\Users\mateo\.m2\repository\com\amazonaws\jmespath-java\1.11.133\jmespath-java-1.11.133.jar;C:\Users\mateo\.m2\repository\com\amazonaws\aws-java-sdk-marketplaceentitlement\1.11.133\aws-java-sdk-marketplaceentitlement-1.11.133.jar;C:\Users\mateo\.m2\repository\com\amazonaws\aws-java-sdk-codestar\1.11.133\aws-java-sdk-codestar-1.11.133.jar;C:\Users\mateo\.m2\repository\com\amazonaws\aws-java-sdk-lexmodelbuilding\1.11.133\aws-java-sdk-lexmodelbuilding-1.11.133.jar;C:\Users\mateo\.m2\repository\com\amazonaws\aws-java-sdk-resourcegroupstaggingapi\1.11.133\aws-java-sdk-resourcegroupstaggingapi-1.11.133.jar;C:\Users\mateo\.m2\repository\com\amazonaws\aws-java-sdk-pinpoint\1.11.133\aws-java-sdk-pinpoint-1.11.133.jar;C:\Users\mateo\.m2\repository\com\amazonaws\aws-java-sdk-xray\1.11.133\aws-java-sdk-xray-1.11.133.jar;C:\Users\mateo\.m2\repository\com\amazonaws\aws-java-sdk-opsworkscm\1.11.133\aws-java-sdk-opsworkscm-1.11.133.jar;C:\Users\mateo\.m2\repository\com\amazonaws\aws-java-sdk-support\1.11.133\aws-java-sdk-support-1.11.133.jar;C:\Users\mateo\.m2\repository\com\amazonaws\aws-java-sdk-simpledb\1.11.133\aws-java-sdk-simpledb-1.11.133.jar;C:\Users\mateo\.m2\repository\com\amazonaws\aws-java-sdk-servicecatalog\1.11.133\aws-java-sdk-servicecatalog-1.11.133.jar;C:\Users\mateo\.m2\repository\com\amazonaws\aws-java-sdk-servermigration\1.11.133\aws-java-sdk-servermigration-1.11.133.jar;C:\Users\mateo\.m2\repository\com\amazonaws\aws-java-sdk-simpleworkflow\1.11.133\aws-java-sdk-simpleworkflow-1.11.133.jar;C:\Users\mateo\.m2\repository\com\amazonaws\aws-java-sdk-storagegateway\1.11.133\aws-java-sdk-storagegateway-1.11.133.jar;C:\Users\mateo\.m2\repository\com\amazonaws\aws-java-sdk-route53\1.11.133\aws-java-sdk-route53-1.11.133.jar;C:\Users\mateo\.m2\repository\com\amazonaws\aws-java-sdk-s3\1.11.133\aws-java-sdk-s3-1.11.133.jar;C:\Users\mateo\.m2\repository\com\amazonaws\aws-java-sdk-importexport\1.11.133\aws-java-sdk-importexport-1.11.133.jar;C:\Users\mateo\.m2\repository\com\amazonaws\aws-java-sdk-sts\1.11.133\aws-java-sdk-sts-1.11.133.jar;C:\Users\mateo\.m2\repository\com\amazonaws\aws-java-sdk-sqs\1.11.133\aws-java-sdk-sqs-1.11.133.jar;C:\Users\mateo\.m2\repository\com\amazonaws\aws-java-sdk-rds\1.11.133\aws-java-sdk-rds-1.11.133.jar;C:\Users\mateo\.m2\repository\com\amazonaws\aws-java-sdk-redshift\1.11.133\aws-java-sdk-redshift-1.11.133.jar;C:\Users\mateo\.m2\repository\com\amazonaws\aws-java-sdk-elasticbeanstalk\1.11.133\aws-java-sdk-elasticbeanstalk-1.11.133.jar;C:\Users\mateo\.m2\repository\com\amazonaws\aws-java-sdk-glacier\1.11.133\aws-java-sdk-glacier-1.11.133.jar;C:\Users\mateo\.m2\repository\com\amazonaws\aws-java-sdk-iam\1.11.133\aws-java-sdk-iam-1.11.133.jar;C:\Users\mateo\.m2\repository\com\amazonaws\aws-java-sdk-datapipeline\1.11.133\aws-java-sdk-datapipeline-1.11.133.jar;C:\Users\mateo\.m2\repository\com\amazonaws\aws-java-sdk-elasticloadbalancing\1.11.133\aws-java-sdk-elasticloadbalancing-1.11.133.jar;C:\Users\mateo\.m2\repository\com\amazonaws\aws-java-sdk-elasticloadbalancingv2\1.11.133\aws-java-sdk-elasticloadbalancingv2-1.11.133.jar;C:\Users\mateo\.m2\repository\com\amazonaws\aws-java-sdk-emr\1.11.133\aws-java-sdk-emr-1.11.133.jar;C:\Users\mateo\.m2\repository\com\amazonaws\aws-java-sdk-elasticache\1.11.133\aws-java-sdk-elasticache-1.11.133.jar;C:\Users\mateo\.m2\repository\com\amazonaws\aws-java-sdk-elastictranscoder\1.11.133\aws-java-sdk-elastictranscoder-1.11.133.jar;C:\Users\mateo\.m2\repository\com\amazonaws\aws-java-sdk-ec2\1.11.133\aws-java-sdk-ec2-1.11.133.jar;C:\Users\mateo\.m2\repository\com\amazonaws\aws-java-sdk-dynamodb\1.11.133\aws-java-sdk-dynamodb-1.11.133.jar;C:\Users\mateo\.m2\repository\com\amazonaws\aws-java-sdk-sns\1.11.133\aws-java-sdk-sns-1.11.133.jar;C:\Users\mateo\.m2\repository\com\amazonaws\aws-java-sdk-budgets\1.11.133\aws-java-sdk-budgets-1.11.133.jar;C:\Users\mateo\.m2\repository\com\amazonaws\aws-java-sdk-cloudtrail\1.11.133\aws-java-sdk-cloudtrail-1.11.133.jar;C:\Users\mateo\.m2\repository\com\amazonaws\aws-java-sdk-cloudwatch\1.11.133\aws-java-sdk-cloudwatch-1.11.133.jar;C:\Users\mateo\.m2\repository\com\amazonaws\aws-java-sdk-logs\1.11.133\aws-java-sdk-logs-1.11.133.jar;C:\Users\mateo\.m2\repository\com\amazonaws\aws-java-sdk-events\1.11.133\aws-java-sdk-events-1.11.133.jar;C:\Users\mateo\.m2\repository\com\amazonaws\aws-java-sdk-cognitoidentity\1.11.133\aws-java-sdk-cognitoidentity-1.11.133.jar;C:\Users\mateo\.m2\repository\com\amazonaws\aws-java-sdk-cognitosync\1.11.133\aws-java-sdk-cognitosync-1.11.133.jar;C:\Users\mateo\.m2\repository\com\amazonaws\aws-java-sdk-directconnect\1.11.133\aws-java-sdk-directconnect-1.11.133.jar;C:\Users\mateo\.m2\repository\com\amazonaws\aws-java-sdk-cloudformation\1.11.133\aws-java-sdk-cloudformation-1.11.133.jar;C:\Users\mateo\.m2\repository\com\amazonaws\aws-java-sdk-cloudfront\1.11.133\aws-java-sdk-cloudfront-1.11.133.jar;C:\Users\mateo\.m2\repository\com\amazonaws\aws-java-sdk-clouddirectory\1.11.133\aws-java-sdk-clouddirectory-1.11.133.jar;C:\Users\mateo\.m2\repository\com\amazonaws\aws-java-sdk-kinesis\1.11.133\aws-java-sdk-kinesis-1.11.133.jar;C:\Users\mateo\.m2\repository\com\amazonaws\aws-java-sdk-opsworks\1.11.133\aws-java-sdk-opsworks-1.11.133.jar;C:\Users\mateo\.m2\repository\com\amazonaws\aws-java-sdk-ses\1.11.133\aws-java-sdk-ses-1.11.133.jar;C:\Users\mateo\.m2\repository\com\amazonaws\aws-java-sdk-autoscaling\1.11.133\aws-java-sdk-autoscaling-1.11.133.jar;C:\Users\mateo\.m2\repository\com\amazonaws\aws-java-sdk-cloudsearch\1.11.133\aws-java-sdk-cloudsearch-1.11.133.jar;C:\Users\mateo\.m2\repository\com\amazonaws\aws-java-sdk-cloudwatchmetrics\1.11.133\aws-java-sdk-cloudwatchmetrics-1.11.133.jar;C:\Users\mateo\.m2\repository\com\amazonaws\aws-java-sdk-codedeploy\1.11.133\aws-java-sdk-codedeploy-1.11.133.jar;C:\Users\mateo\.m2\repository\com\amazonaws\aws-java-sdk-codepipeline\1.11.133\aws-java-sdk-codepipeline-1.11.133.jar;C:\Users\mateo\.m2\repository\com\amazonaws\aws-java-sdk-kms\1.11.133\aws-java-sdk-kms-1.11.133.jar;C:\Users\mateo\.m2\repository\com\amazonaws\aws-java-sdk-config\1.11.133\aws-java-sdk-config-1.11.133.jar;C:\Users\mateo\.m2\repository\com\amazonaws\aws-java-sdk-lambda\1.11.133\aws-java-sdk-lambda-1.11.133.jar;C:\Users\mateo\.m2\repository\com\amazonaws\aws-java-sdk-ecs\1.11.133\aws-java-sdk-ecs-1.11.133.jar;C:\Users\mateo\.m2\repository\com\amazonaws\aws-java-sdk-ecr\1.11.133\aws-java-sdk-ecr-1.11.133.jar;C:\Users\mateo\.m2\repository\com\amazonaws\aws-java-sdk-cloudhsm\1.11.133\aws-java-sdk-cloudhsm-1.11.133.jar;C:\Users\mateo\.m2\repository\com\amazonaws\aws-java-sdk-ssm\1.11.133\aws-java-sdk-ssm-1.11.133.jar;C:\Users\mateo\.m2\repository\com\amazonaws\aws-java-sdk-workspaces\1.11.133\aws-java-sdk-workspaces-1.11.133.jar;C:\Users\mateo\.m2\repository\com\amazonaws\aws-java-sdk-machinelearning\1.11.133\aws-java-sdk-machinelearning-1.11.133.jar;C:\Users\mateo\.m2\repository\com\amazonaws\aws-java-sdk-directory\1.11.133\aws-java-sdk-directory-1.11.133.jar;C:\Users\mateo\.m2\repository\com\amazonaws\aws-java-sdk-efs\1.11.133\aws-java-sdk-efs-1.11.133.jar;C:\Users\mateo\.m2\repository\com\amazonaws\aws-java-sdk-codecommit\1.11.133\aws-java-sdk-codecommit-1.11.133.jar;C:\Users\mateo\.m2\repository\com\amazonaws\aws-java-sdk-devicefarm\1.11.133\aws-java-sdk-devicefarm-1.11.133.jar;C:\Users\mateo\.m2\repository\com\amazonaws\aws-java-sdk-elasticsearch\1.11.133\aws-java-sdk-elasticsearch-1.11.133.jar;C:\Users\mateo\.m2\repository\com\amazonaws\aws-java-sdk-waf\1.11.133\aws-java-sdk-waf-1.11.133.jar;C:\Users\mateo\.m2\repository\com\amazonaws\aws-java-sdk-marketplacecommerceanalytics\1.11.133\aws-java-sdk-marketplacecommerceanalytics-1.11.133.jar;C:\Users\mateo\.m2\repository\com\amazonaws\aws-java-sdk-inspector\1.11.133\aws-java-sdk-inspector-1.11.133.jar;C:\Users\mateo\.m2\repository\com\amazonaws\aws-java-sdk-iot\1.11.133\aws-java-sdk-iot-1.11.133.jar;C:\Users\mateo\.m2\repository\com\amazonaws\aws-java-sdk-api-gateway\1.11.133\aws-java-sdk-api-gateway-1.11.133.jar;C:\Users\mateo\.m2\repository\com\amazonaws\aws-java-sdk-acm\1.11.133\aws-java-sdk-acm-1.11.133.jar;C:\Users\mateo\.m2\repository\com\amazonaws\aws-java-sdk-gamelift\1.11.133\aws-java-sdk-gamelift-1.11.133.jar;C:\Users\mateo\.m2\repository\com\amazonaws\aws-java-sdk-dms\1.11.133\aws-java-sdk-dms-1.11.133.jar;C:\Users\mateo\.m2\repository\com\amazonaws\aws-java-sdk-marketplacemeteringservice\1.11.133\aws-java-sdk-marketplacemeteringservice-1.11.133.jar;C:\Users\mateo\.m2\repository\com\amazonaws\aws-java-sdk-cognitoidp\1.11.133\aws-java-sdk-cognitoidp-1.11.133.jar;C:\Users\mateo\.m2\repository\com\amazonaws\aws-java-sdk-discovery\1.11.133\aws-java-sdk-discovery-1.11.133.jar;C:\Users\mateo\.m2\repository\com\amazonaws\aws-java-sdk-applicationautoscaling\1.11.133\aws-java-sdk-applicationautoscaling-1.11.133.jar;C:\Users\mateo\.m2\repository\com\amazonaws\aws-java-sdk-snowball\1.11.133\aws-java-sdk-snowball-1.11.133.jar;C:\Users\mateo\.m2\repository\com\amazonaws\aws-java-sdk-rekognition\1.11.133\aws-java-sdk-rekognition-1.11.133.jar;C:\Users\mateo\.m2\repository\com\amazonaws\aws-java-sdk-polly\1.11.133\aws-java-sdk-polly-1.11.133.jar;C:\Users\mateo\.m2\repository\com\amazonaws\aws-java-sdk-lightsail\1.11.133\aws-java-sdk-lightsail-1.11.133.jar;C:\Users\mateo\.m2\repository\com\amazonaws\aws-java-sdk-stepfunctions\1.11.133\aws-java-sdk-stepfunctions-1.11.133.jar;C:\Users\mateo\.m2\repository\com\amazonaws\aws-java-sdk-health\1.11.133\aws-java-sdk-health-1.11.133.jar;C:\Users\mateo\.m2\repository\com\amazonaws\aws-java-sdk-costandusagereport\1.11.133\aws-java-sdk-costandusagereport-1.11.133.jar;C:\Users\mateo\.m2\repository\com\amazonaws\aws-java-sdk-codebuild\1.11.133\aws-java-sdk-codebuild-1.11.133.jar;C:\Users\mateo\.m2\repository\com\amazonaws\aws-java-sdk-appstream\1.11.133\aws-java-sdk-appstream-1.11.133.jar;C:\Users\mateo\.m2\repository\com\amazonaws\aws-java-sdk-shield\1.11.133\aws-java-sdk-shield-1.11.133.jar;C:\Users\mateo\.m2\repository\com\amazonaws\aws-java-sdk-batch\1.11.133\aws-java-sdk-batch-1.11.133.jar;C:\Users\mateo\.m2\repository\com\amazonaws\aws-java-sdk-lex\1.11.133\aws-java-sdk-lex-1.11.133.jar;C:\Users\mateo\.m2\repository\com\amazonaws\aws-java-sdk-mechanicalturkrequester\1.11.133\aws-java-sdk-mechanicalturkrequester-1.11.133.jar;C:\Users\mateo\.m2\repository\com\amazonaws\aws-java-sdk-organizations\1.11.133\aws-java-sdk-organizations-1.11.133.jar;C:\Users\mateo\.m2\repository\com\amazonaws\aws-java-sdk-workdocs\1.11.133\aws-java-sdk-workdocs-1.11.133.jar;C:\Users\mateo\.m2\repository\com\amazonaws\aws-java-sdk-core\1.11.133\aws-java-sdk-core-1.11.133.jar;C:\Users\mateo\.m2\repository\commons-logging\commons-logging\1.1.3\commons-logging-1.1.3.jar;C:\Users\mateo\.m2\repository\org\apache\httpcomponents\httpclient\4.5.13\httpclient-4.5.13.jar;C:\Users\mateo\.m2\repository\org\apache\httpcomponents\httpcore\4.4.14\httpcore-4.4.14.jar;C:\Users\mateo\.m2\repository\commons-codec\commons-codec\1.15\commons-codec-1.15.jar;C:\Users\mateo\.m2\repository\software\amazon\ion\ion-java\1.0.2\ion-java-1.0.2.jar;C:\Users\mateo\.m2\repository\com\fasterxml\jackson\dataformat\jackson-dataformat-cbor\2.12.3\jackson-dataformat-cbor-2.12.3.jar;C:\Users\mateo\.m2\repository\joda-time\joda-time\2.8.1\joda-time-2.8.1.jar;C:\Users\mateo\.m2\repository\com\amazonaws\aws-java-sdk-models\1.11.133\aws-java-sdk-models-1.11.133.jar;C:\Users\mateo\.m2\repository\com\amazonaws\aws-java-sdk-swf-libraries\1.11.22\aws-java-sdk-swf-libraries-1.11.22.jar;C:\Users\mateo\.m2\repository\javax\servlet\servlet-api\2.5\servlet-api-2.5.jar;C:\Users\mateo\.m2\repository\org\springframework\boot\spring-boot-starter-mail\2.5.1\spring-boot-starter-mail-2.5.1.jar;C:\Users\mateo\.m2\repository\com\sun\mail\jakarta.mail\1.6.7\jakarta.mail-1.6.7.jar;C:\Users\mateo\.m2\repository\com\sun\activation\jakarta.activation\1.2.2\jakarta.activation-1.2.2.jar;C:\Users\mateo\.m2\repository\commons-io\commons-io\2.11.0\commons-io-2.11.0.jar;C:\Users\mateo\.m2\repository\org\springframework\boot\spring-boot-starter-hateoas\2.5.1\spring-boot-starter-hateoas-2.5.1.jar;C:\Users\mateo\.m2\repository\org\springframework\hateoas\spring-hateoas\1.3.1\spring-hateoas-1.3.1.jar;C:\Users\mateo\.m2\repository\io\springfox\springfox-swagger2\2.9.2\springfox-swagger2-2.9.2.jar;C:\Users\mateo\.m2\repository\io\swagger\swagger-annotations\1.5.20\swagger-annotations-1.5.20.jar;C:\Users\mateo\.m2\repository\io\swagger\swagger-models\1.5.20\swagger-models-1.5.20.jar;C:\Users\mateo\.m2\repository\io\springfox\springfox-spi\2.9.2\springfox-spi-2.9.2.jar;C:\Users\mateo\.m2\repository\io\springfox\springfox-core\2.9.2\springfox-core-2.9.2.jar;C:\Users\mateo\.m2\repository\io\springfox\springfox-schema\2.9.2\springfox-schema-2.9.2.jar;C:\Users\mateo\.m2\repository\io\springfox\springfox-swagger-common\2.9.2\springfox-swagger-common-2.9.2.jar;C:\Users\mateo\.m2\repository\io\springfox\springfox-spring-web\2.9.2\springfox-spring-web-2.9.2.jar;C:\Users\mateo\.m2\repository\com\google\guava\guava\20.0\guava-20.0.jar;C:\Users\mateo\.m2\repository\com\fasterxml\classmate\1.5.1\classmate-1.5.1.jar;C:\Users\mateo\.m2\repository\org\slf4j\slf4j-api\1.7.30\slf4j-api-1.7.30.jar;C:\Users\mateo\.m2\repository\org\springframework\plugin\spring-plugin-core\1.2.0.RELEASE\spring-plugin-core-1.2.0.RELEASE.jar;C:\Users\mateo\.m2\repository\org\springframework\plugin\spring-plugin-metadata\1.2.0.RELEASE\spring-plugin-metadata-1.2.0.RELEASE.jar;C:\Users\mateo\.m2\repository\org\mapstruct\mapstruct\1.2.0.Final\mapstruct-1.2.0.Final.jar;C:\Users\mateo\.m2\repository\io\springfox\springfox-swagger-ui\2.9.2\springfox-swagger-ui-2.9.2.jar;C:\Users\mateo\.m2\repository\com\h2database\h2\1.4.200\h2-1.4.200.jar;C:\Users\mateo\.m2\repository\junit\junit\4.13.2\junit-4.13.2.jar;C:\Users\mateo\.m2\repository\org\hamcrest\hamcrest-core\2.2\hamcrest-core-2.2.jar;"/>
    <property name="sun.cpu.endian" value="little"/>
    <property name="user.home" value="C:\Users\mateo"/>
    <property name="user.language" value="en"/>
    <property name="java.specification.vendor" value="Oracle Corporation"/>
    <property name="java.version.date" value="2021-10-19"/>
    <property name="java.home" value="C:\Program Files\Java\jdk-11.0.13"/>
    <property name="file.separator" value="\"/>
    <property name="basedir" value="C:\Users\mateo\Desktop\Alkemy\Proyecto Terminado - Copy\OT110-Server"/>
    <property name="java.vm.compressedOopsMode" value="32-bit"/>
    <property name="line.separator" value="&#10;"/>
    <property name="java.specification.name" value="Java Platform API Specification"/>
    <property name="java.vm.specification.vendor" value="Oracle Corporation"/>
    <property name="java.awt.graphicsenv" value="sun.awt.Win32GraphicsEnvironment"/>
    <property name="surefire.real.class.path" value="C:\Users\mateo\AppData\Local\Temp\surefire13625707153212177636\surefirebooter10657453885116607221.jar"/>
    <property name="user.script" value=""/>
    <property name="sun.management.compiler" value="HotSpot 64-Bit Tiered Compilers"/>
    <property name="java.runtime.version" value="11.0.13+10-LTS-370"/>
    <property name="user.name" value="mateo"/>
    <property name="path.separator" value=";"/>
    <property name="os.version" value="10.0"/>
    <property name="java.runtime.name" value="Java(TM) SE Runtime Environment"/>
    <property name="file.encoding" value="UTF-8"/>
    <property name="java.vm.name" value="Java HotSpot(TM) 64-Bit Server VM"/>
    <property name="java.vendor.version" value="18.9"/>
    <property name="maven.ext.class.path" value="C:\Program Files\NetBeans-19\netbeans\java\maven-nblib\netbeans-eventspy.jar"/>
    <property name="localRepository" value="C:\Users\mateo\.m2\repository"/>
    <property name="java.vendor.url.bug" value="https://bugreport.java.com/bugreport/"/>
    <property name="java.io.tmpdir" value="C:\Users\mateo\AppData\Local\Temp\"/>
    <property name="java.version" value="11.0.13"/>
    <property name="user.dir" value="C:\Users\mateo\Desktop\Alkemy\Proyecto Terminado - Copy\OT110-Server"/>
    <property name="os.arch" value="amd64"/>
    <property name="java.vm.specification.name" value="Java Virtual Machine Specification"/>
    <property name="java.awt.printerjob" value="sun.awt.windows.WPrinterJob"/>
    <property name="sun.os.patch.level" value=""/>
    <property name="java.library.path" value="C:\Program Files\Java\jdk-11.0.13\bin;C:\WINDOWS\Sun\Java\bin;C:\WINDOWS\system32;C:\WINDOWS;C:\Windows\system32;C:\Windows;C:\Windows\System32\Wbem;C:\Windows\System32\WindowsPowerShell\v1.0\;C:\Windows\System32\OpenSSH\;C:\Program Files (x86)\NVIDIA Corporation\PhysX\Common;C:\Program Files\NVIDIA Corporation\NVIDIA NvDLISR;C:\Program Files\Java\apache-maven-3.8.2\bin;C:\Program Files\Git\cmd;C:\Program Files\Java\jdk1.8.0_111\bin;C:\WINDOWS\system32;C:\WINDOWS;C:\WINDOWS\System32\Wbem;C:\WINDOWS\System32\WindowsPowerShell\v1.0\;C:\WINDOWS\System32\OpenSSH\;C:\Program Files\Docker\Docker\resources\bin;C:\ProgramData\DockerDesktop\version-bin;C:\Users\mateo\AppData\Roaming\nvm;C:\Program Files\nodejs;C:\Program Files\PuTTY\;C:\Users\mateo\AppData\Local\Programs\Python\Python311\Scripts\;C:\Users\mateo\AppData\Local\Programs\Python\Python311\;C:\Program Files\MySQL\MySQL Shell 8.0\bin\;C:\Users\mateo\AppData\Local\Microsoft\WindowsApps;C:\Users\mateo\AppData\Local\Programs\Microsoft VS Code\bin;C:\Program Files\JetBrains\IntelliJ IDEA Community Edition 2021.2.3\bin;;C:\Users\mateo\AppData\Roaming\nvm;C:\Program Files\nodejs;."/>
    <property name="java.vendor" value="Oracle Corporation"/>
    <property name="java.vm.info" value="mixed mode"/>
    <property name="java.vm.version" value="11.0.13+10-LTS-370"/>
    <property name="sun.io.unicode.encoding" value="UnicodeLittle"/>
    <property name="java.class.version" value="55.0"/>
  </properties>
  <testcase name="CanCreateCategory" classname="com.alkemy.ong.unit.category.CreateCategoryServiceTest" time="0.28"/>
</testsuite>